# JRE version: OpenJDK Runtime Environment Temurin-21.0.8+9 (21.0.8+9) (build 21.0.8+9-LTS)
# Java VM: OpenJDK 64-Bit Server VM Temurin-21.0.8+9 (21.0.8+9-LTS, mixed mode, sharing, tiered, compressed oops, compressed class ptrs, parallel gc, windows-amd64)
GC Precious Log:
 CardTable entry size: 512
 CPUs: 16 total, 16 available
 Memory: 16068M
 Large Page Support: Disabled
 NUMA Support: Disabled
 Compressed Oops: Enabled (32-bit)
 Alignments: Space 512K, Generation 512K, Heap 2M
 Heap Min Capacity: 100M
 Heap Initial Capacity: 100M
 Heap Max Capacity: 2G
 Pre-touch: Disabled
 Parallel Workers: 13
Heap:
 PSYoungGen      total 3584K, used 291K [0x00000000d5580000, 0x00000000d5a80000, 0x0000000100000000)
  eden space 3072K, 2% used [0x00000000d5580000,0x00000000d5590ef0,0x00000000d5880000)
  from space 512K, 43% used [0x00000000d5a00000,0x00000000d5a38000,0x00000000d5a80000)
  to   space 512K, 0% used [0x00000000d5980000,0x00000000d5980000,0x00000000d5a00000)
 ParOldGen       total 667136K, used 553881K [0x0000000080000000, 0x00000000a8b80000, 0x00000000d5580000)
  object space 667136K, 83% used [0x0000000080000000,0x00000000a1ce6798,0x00000000a8b80000)
 Metaspace       used 78130K, committed 79680K, reserved 1179648K
  class space    used 7826K, committed 8512K, reserved 1048576K
GC Heap History (20 events):
Event: 1356.776 GC heap before
{Heap before GC invocations=1143 (full 4):
 PSYoungGen      total 3072K, used 2720K [0x00000000d5580000, 0x00000000d5b00000, 0x0000000100000000)
  eden space 1536K, 100% used [0x00000000d5580000,0x00000000d5700000,0x00000000d5700000)
  from space 1536K, 77% used [0x00000000d5980000,0x00000000d5aa8000,0x00000000d5b00000)
  to   space 1536K, 0% used [0x00000000d5800000,0x00000000d5800000,0x00000000d5980000)
 ParOldGen       total 667136K, used 544291K [0x0000000080000000, 0x00000000a8b80000, 0x00000000d5580000)
  object space 667136K, 81% used [0x0000000080000000,0x00000000a1388fc0,0x00000000a8b80000)
 Metaspace       used 78096K, committed 79680K, reserved 1179648K
  class space    used 7826K, committed 8512K, reserved 1048576K
}
Event: 1356.777 GC heap after
{Heap after GC invocations=1143 (full 4):
 PSYoungGen      total 3584K, used 1152K [0x00000000d5580000, 0x00000000d5a80000, 0x0000000100000000)
  eden space 2048K, 0% used [0x00000000d5580000,0x00000000d5580000,0x00000000d5780000)
  from space 1536K, 75% used [0x00000000d5800000,0x00000000d5920000,0x00000000d5980000)
  to   space 1024K, 0% used [0x00000000d5980000,0x00000000d5980000,0x00000000d5a80000)
 ParOldGen       total 667136K, used 545307K [0x0000000080000000, 0x00000000a8b80000, 0x00000000d5580000)
  object space 667136K, 81% used [0x0000000080000000,0x00000000a1486fc0,0x00000000a8b80000)
 Metaspace       used 78096K, committed 79680K, reserved 1179648K
  class space    used 7826K, committed 8512K, reserved 1048576K
}
Event: 1356.781 GC heap before
{Heap before GC invocations=1144 (full 4):
 PSYoungGen      total 3584K, used 3200K [0x00000000d5580000, 0x00000000d5a80000, 0x0000000100000000)
  eden space 2048K, 100% used [0x00000000d5580000,0x00000000d5780000,0x00000000d5780000)
  from space 1536K, 75% used [0x00000000d5800000,0x00000000d5920000,0x00000000d5980000)
  to   space 1024K, 0% used [0x00000000d5980000,0x00000000d5980000,0x00000000d5a80000)
 ParOldGen       total 667136K, used 545307K [0x0000000080000000, 0x00000000a8b80000, 0x00000000d5580000)
  object space 667136K, 81% used [0x0000000080000000,0x00000000a1486fc0,0x00000000a8b80000)
 Metaspace       used 78097K, committed 79680K, reserved 1179648K
  class space    used 7826K, committed 8512K, reserved 1048576K
}
Event: 1356.782 GC heap after
{Heap after GC invocations=1144 (full 4):
 PSYoungGen      total 2048K, used 1022K [0x00000000d5580000, 0x00000000d5e00000, 0x0000000100000000)
  eden space 1024K, 0% used [0x00000000d5580000,0x00000000d5580000,0x00000000d5680000)
  from space 1024K, 99% used [0x00000000d5980000,0x00000000d5a7f950,0x00000000d5a80000)
  to   space 3072K, 0% used [0x00000000d5680000,0x00000000d5680000,0x00000000d5980000)
 ParOldGen       total 667136K, used 547029K [0x0000000080000000, 0x00000000a8b80000, 0x00000000d5580000)
  object space 667136K, 81% used [0x0000000080000000,0x00000000a16354f8,0x00000000a8b80000)
 Metaspace       used 78097K, committed 79680K, reserved 1179648K
  class space    used 7826K, committed 8512K, reserved 1048576K
}
Event: 1356.783 GC heap before
{Heap before GC invocations=1145 (full 4):
 PSYoungGen      total 2048K, used 2046K [0x00000000d5580000, 0x00000000d5e00000, 0x0000000100000000)
  eden space 1024K, 100% used [0x00000000d5580000,0x00000000d5680000,0x00000000d5680000)
  from space 1024K, 99% used [0x00000000d5980000,0x00000000d5a7f950,0x00000000d5a80000)
  to   space 3072K, 0% used [0x00000000d5680000,0x00000000d5680000,0x00000000d5980000)
 ParOldGen       total 667136K, used 547029K [0x0000000080000000, 0x00000000a8b80000, 0x00000000d5580000)
  object space 667136K, 81% used [0x0000000080000000,0x00000000a16354f8,0x00000000a8b80000)
 Metaspace       used 78097K, committed 79680K, reserved 1179648K
  class space    used 7826K, committed 8512K, reserved 1048576K
}
Event: 1356.784 GC heap after
{Heap after GC invocations=1145 (full 4):
 PSYoungGen      total 2560K, used 1152K [0x00000000d5580000, 0x00000000d5b00000, 0x0000000100000000)
  eden space 1024K, 0% used [0x00000000d5580000,0x00000000d5580000,0x00000000d5680000)
  from space 1536K, 75% used [0x00000000d5680000,0x00000000d57a0000,0x00000000d5800000)
  to   space 2048K, 0% used [0x00000000d5900000,0x00000000d5900000,0x00000000d5b00000)
 ParOldGen       total 667136K, used 548099K [0x0000000080000000, 0x00000000a8b80000, 0x00000000d5580000)
  object space 667136K, 82% used [0x0000000080000000,0x00000000a1740e48,0x00000000a8b80000)
 Metaspace       used 78097K, committed 79680K, reserved 1179648K
  class space    used 7826K, committed 8512K, reserved 1048576K
}
Event: 1356.786 GC heap before
{Heap before GC invocations=1146 (full 4):
 PSYoungGen      total 2560K, used 2176K [0x00000000d5580000, 0x00000000d5b00000, 0x0000000100000000)
  eden space 1024K, 100% used [0x00000000d5580000,0x00000000d5680000,0x00000000d5680000)
  from space 1536K, 75% used [0x00000000d5680000,0x00000000d57a0000,0x00000000d5800000)
  to   space 2048K, 0% used [0x00000000d5900000,0x00000000d5900000,0x00000000d5b00000)
 ParOldGen       total 667136K, used 548099K [0x0000000080000000, 0x00000000a8b80000, 0x00000000d5580000)
  object space 667136K, 82% used [0x0000000080000000,0x00000000a1740e48,0x00000000a8b80000)
 Metaspace       used 78097K, committed 79680K, reserved 1179648K
  class space    used 7826K, committed 8512K, reserved 1048576K
}
Event: 1356.787 GC heap after
{Heap after GC invocations=1146 (full 4):
 PSYoungGen      total 3072K, used 1152K [0x00000000d5580000, 0x00000000d5a80000, 0x0000000100000000)
  eden space 1536K, 0% used [0x00000000d5580000,0x00000000d5580000,0x00000000d5700000)
  from space 1536K, 75% used [0x00000000d5900000,0x00000000d5a20000,0x00000000d5a80000)
  to   space 1536K, 0% used [0x00000000d5780000,0x00000000d5780000,0x00000000d5900000)
 ParOldGen       total 667136K, used 549147K [0x0000000080000000, 0x00000000a8b80000, 0x00000000d5580000)
  object space 667136K, 82% used [0x0000000080000000,0x00000000a1846e48,0x00000000a8b80000)
 Metaspace       used 78097K, committed 79680K, reserved 1179648K
  class space    used 7826K, committed 8512K, reserved 1048576K
}
Event: 1356.789 GC heap before
{Heap before GC invocations=1147 (full 4):
 PSYoungGen      total 3072K, used 2688K [0x00000000d5580000, 0x00000000d5a80000, 0x0000000100000000)
  eden space 1536K, 100% used [0x00000000d5580000,0x00000000d5700000,0x00000000d5700000)
  from space 1536K, 75% used [0x00000000d5900000,0x00000000d5a20000,0x00000000d5a80000)
  to   space 1536K, 0% used [0x00000000d5780000,0x00000000d5780000,0x00000000d5900000)
 ParOldGen       total 667136K, used 549147K [0x0000000080000000, 0x00000000a8b80000, 0x00000000d5580000)
  object space 667136K, 82% used [0x0000000080000000,0x00000000a1846e48,0x00000000a8b80000)
 Metaspace       used 78098K, committed 79680K, reserved 1179648K
  class space    used 7826K, committed 8512K, reserved 1048576K
}
Event: 1356.790 GC heap after
{Heap after GC invocations=1147 (full 4):
 PSYoungGen      total 3584K, used 1534K [0x00000000d5580000, 0x00000000d5d80000, 0x0000000100000000)
  eden space 2048K, 0% used [0x00000000d5580000,0x00000000d5580000,0x00000000d5780000)
  from space 1536K, 99% used [0x00000000d5780000,0x00000000d58ff950,0x00000000d5900000)
  to   space 3072K, 0% used [0x00000000d5a80000,0x00000000d5a80000,0x00000000d5d80000)
 ParOldGen       total 667136K, used 550179K [0x0000000080000000, 0x00000000a8b80000, 0x00000000d5580000)
  object space 667136K, 82% used [0x0000000080000000,0x00000000a1948e48,0x00000000a8b80000)
 Metaspace       used 78098K, committed 79680K, reserved 1179648K
  class space    used 7826K, committed 8512K, reserved 1048576K
}
Event: 1356.792 GC heap before
{Heap before GC invocations=1148 (full 4):
 PSYoungGen      total 3584K, used 3582K [0x00000000d5580000, 0x00000000d5d80000, 0x0000000100000000)
  eden space 2048K, 100% used [0x00000000d5580000,0x00000000d5780000,0x00000000d5780000)
  from space 1536K, 99% used [0x00000000d5780000,0x00000000d58ff950,0x00000000d5900000)
  to   space 3072K, 0% used [0x00000000d5a80000,0x00000000d5a80000,0x00000000d5d80000)
 ParOldGen       total 667136K, used 550179K [0x0000000080000000, 0x00000000a8b80000, 0x00000000d5580000)
  object space 667136K, 82% used [0x0000000080000000,0x00000000a1948e48,0x00000000a8b80000)
 Metaspace       used 78098K, committed 79680K, reserved 1179648K
  class space    used 7826K, committed 8512K, reserved 1048576K
}
Event: 1356.794 GC heap after
{Heap after GC invocations=1148 (full 4):
 PSYoungGen      total 5120K, used 2208K [0x00000000d5580000, 0x00000000d5d00000, 0x0000000100000000)
  eden space 2560K, 0% used [0x00000000d5580000,0x00000000d5580000,0x00000000d5800000)
  from space 2560K, 86% used [0x00000000d5a80000,0x00000000d5ca8000,0x00000000d5d00000)
  to   space 2560K, 0% used [0x00000000d5800000,0x00000000d5800000,0x00000000d5a80000)
 ParOldGen       total 667136K, used 551625K [0x0000000080000000, 0x00000000a8b80000, 0x00000000d5580000)
  object space 667136K, 82% used [0x0000000080000000,0x00000000a1ab2798,0x00000000a8b80000)
 Metaspace       used 78098K, committed 79680K, reserved 1179648K
  class space    used 7826K, committed 8512K, reserved 1048576K
}
Event: 1398.788 GC heap before
{Heap before GC invocations=1149 (full 4):
 PSYoungGen      total 5120K, used 4768K [0x00000000d5580000, 0x00000000d5d00000, 0x0000000100000000)
  eden space 2560K, 100% used [0x00000000d5580000,0x00000000d5800000,0x00000000d5800000)
  from space 2560K, 86% used [0x00000000d5a80000,0x00000000d5ca8000,0x00000000d5d00000)
  to   space 2560K, 0% used [0x00000000d5800000,0x00000000d5800000,0x00000000d5a80000)
 ParOldGen       total 667136K, used 551625K [0x0000000080000000, 0x00000000a8b80000, 0x00000000d5580000)
  object space 667136K, 82% used [0x0000000080000000,0x00000000a1ab2798,0x00000000a8b80000)
 Metaspace       used 78098K, committed 79680K, reserved 1179648K
  class space    used 7826K, committed 8512K, reserved 1048576K
}
Event: 1398.798 GC heap after
{Heap after GC invocations=1149 (full 4):
 PSYoungGen      total 3072K, used 416K [0x00000000d5580000, 0x00000000d5b80000, 0x0000000100000000)
  eden space 2560K, 0% used [0x00000000d5580000,0x00000000d5580000,0x00000000d5800000)
  from space 512K, 81% used [0x00000000d5800000,0x00000000d5868000,0x00000000d5880000)
  to   space 1536K, 0% used [0x00000000d5a00000,0x00000000d5a00000,0x00000000d5b80000)
 ParOldGen       total 667136K, used 553681K [0x0000000080000000, 0x00000000a8b80000, 0x00000000d5580000)
  object space 667136K, 82% used [0x0000000080000000,0x00000000a1cb4798,0x00000000a8b80000)
 Metaspace       used 78098K, committed 79680K, reserved 1179648K
  class space    used 7826K, committed 8512K, reserved 1048576K
}
Event: 1414.407 GC heap before
{Heap before GC invocations=1150 (full 4):
 PSYoungGen      total 3072K, used 2976K [0x00000000d5580000, 0x00000000d5b80000, 0x0000000100000000)
  eden space 2560K, 100% used [0x00000000d5580000,0x00000000d5800000,0x00000000d5800000)
  from space 512K, 81% used [0x00000000d5800000,0x00000000d5868000,0x00000000d5880000)
  to   space 1536K, 0% used [0x00000000d5a00000,0x00000000d5a00000,0x00000000d5b80000)
 ParOldGen       total 667136K, used 553681K [0x0000000080000000, 0x00000000a8b80000, 0x00000000d5580000)
  object space 667136K, 82% used [0x0000000080000000,0x00000000a1cb4798,0x00000000a8b80000)
 Metaspace       used 78117K, committed 79680K, reserved 1179648K
  class space    used 7826K, committed 8512K, reserved 1048576K
}
Event: 1414.408 GC heap after
{Heap after GC invocations=1150 (full 4):
 PSYoungGen      total 3584K, used 352K [0x00000000d5580000, 0x00000000d5a80000, 0x0000000100000000)
  eden space 3072K, 0% used [0x00000000d5580000,0x00000000d5580000,0x00000000d5880000)
  from space 512K, 68% used [0x00000000d5a00000,0x00000000d5a58000,0x00000000d5a80000)
  to   space 512K, 0% used [0x00000000d5980000,0x00000000d5980000,0x00000000d5a00000)
 ParOldGen       total 667136K, used 553801K [0x0000000080000000, 0x00000000a8b80000, 0x00000000d5580000)
  object space 667136K, 83% used [0x0000000080000000,0x00000000a1cd2798,0x00000000a8b80000)
 Metaspace       used 78117K, committed 79680K, reserved 1179648K
  class space    used 7826K, committed 8512K, reserved 1048576K
}
Event: 1482.700 GC heap before
{Heap before GC invocations=1151 (full 4):
 PSYoungGen      total 3584K, used 3424K [0x00000000d5580000, 0x00000000d5a80000, 0x0000000100000000)
  eden space 3072K, 100% used [0x00000000d5580000,0x00000000d5880000,0x00000000d5880000)
  from space 512K, 68% used [0x00000000d5a00000,0x00000000d5a58000,0x00000000d5a80000)
  to   space 512K, 0% used [0x00000000d5980000,0x00000000d5980000,0x00000000d5a00000)
 ParOldGen       total 667136K, used 553801K [0x0000000080000000, 0x00000000a8b80000, 0x00000000d5580000)
  object space 667136K, 83% used [0x0000000080000000,0x00000000a1cd2798,0x00000000a8b80000)
 Metaspace       used 78117K, committed 79680K, reserved 1179648K
  class space    used 7826K, committed 8512K, reserved 1048576K
}
Event: 1482.701 GC heap after
{Heap after GC invocations=1151 (full 4):
 PSYoungGen      total 3584K, used 320K [0x00000000d5580000, 0x00000000d5a80000, 0x0000000100000000)
  eden space 3072K, 0% used [0x00000000d5580000,0x00000000d5580000,0x00000000d5880000)
  from space 512K, 62% used [0x00000000d5980000,0x00000000d59d0000,0x00000000d5a00000)
  to   space 512K, 0% used [0x00000000d5a00000,0x00000000d5a00000,0x00000000d5a80000)
 ParOldGen       total 667136K, used 553881K [0x0000000080000000, 0x00000000a8b80000, 0x00000000d5580000)
  object space 667136K, 83% used [0x0000000080000000,0x00000000a1ce6798,0x00000000a8b80000)
 Metaspace       used 78117K, committed 79680K, reserved 1179648K
  class space    used 7826K, committed 8512K, reserved 1048576K
}
Event: 1731.291 GC heap before
{Heap before GC invocations=1152 (full 4):
 PSYoungGen      total 3584K, used 3392K [0x00000000d5580000, 0x00000000d5a80000, 0x0000000100000000)
  eden space 3072K, 100% used [0x00000000d5580000,0x00000000d5880000,0x00000000d5880000)
  from space 512K, 62% used [0x00000000d5980000,0x00000000d59d0000,0x00000000d5a00000)
  to   space 512K, 0% used [0x00000000d5a00000,0x00000000d5a00000,0x00000000d5a80000)
 ParOldGen       total 667136K, used 553881K [0x0000000080000000, 0x00000000a8b80000, 0x00000000d5580000)
  object space 667136K, 83% used [0x0000000080000000,0x00000000a1ce6798,0x00000000a8b80000)
 Metaspace       used 78128K, committed 79680K, reserved 1179648K
  class space    used 7826K, committed 8512K, reserved 1048576K
}
Event: 1731.294 GC heap after
{Heap after GC invocations=1152 (full 4):
 PSYoungGen      total 3584K, used 224K [0x00000000d5580000, 0x00000000d5a80000, 0x0000000100000000)
  eden space 3072K, 0% used [0x00000000d5580000,0x00000000d5580000,0x00000000d5880000)
  from space 512K, 43% used [0x00000000d5a00000,0x00000000d5a38000,0x00000000d5a80000)
  to   space 512K, 0% used [0x00000000d5980000,0x00000000d5980000,0x00000000d5a00000)
 ParOldGen       total 667136K, used 553881K [0x0000000080000000, 0x00000000a8b80000, 0x00000000d5580000)
  object space 667136K, 83% used [0x0000000080000000,0x00000000a1ce6798,0x00000000a8b80000)
 Metaspace       used 78128K, committed 79680K, reserved 1179648K
  class space    used 7826K, committed 8512K, reserved 1048576K
}

